Removed Pin From Net: NetName=+12 Pin=5V_Reg-1
Removed Pin From Net: NetName=+5 Pin=5V_Reg-2
Removed Pin From Net: NetName=GND Pin=5V_Reg-3
Removed Member From Class: ClassName=U_Power_Circuit Member=5V_Reg
Change component parameters: Designator = "R4" ("R4"); Footprint = "AXIAL-0.3"; UniqueID = "\CCRFKGVA\RIXGVLOW" ("\CCRFKGVA\RIXGVLOW")
Change component parameters (AddParameter): Name = "LatestRevisionDate"; Value = "17-Jul-2002"; VariantName = "[No Variations]"
Change component parameters (AddParameter): Name = "LatestRevisionNote"; Value = "Re-released for DXP Platform."; VariantName = "[No Variations]"
Change component parameters (AddParameter): Name = "PackageDescription"; Value = "Axial Device, Thru-Hole; 2 Leads; 0.3 in Pin Spacing"; VariantName = "[No Variations]"
Change component parameters (AddParameter): Name = "PackageReference"; Value = "AXIAL-0.3"; VariantName = "[No Variations]"
Change component parameters (AddParameter): Name = "Published"; Value = "8-Jun-2000"; VariantName = "[No Variations]"
Change component parameters (AddParameter): Name = "Publisher"; Value = "Altium Limited"; VariantName = "[No Variations]"
Change component parameters (AddParameter): Name = "Value"; Value = "1K"; VariantName = "[No Variations]"
Added Component: Designator=P1(HDR1X2)
Add component (AddParameter): Name = "LatestRevisionDate"; Value = "17-Jul-2002"; VariantName = "[No Variations]"
Add component (AddParameter): Name = "LatestRevisionNote"; Value = "Re-released for DXP Platform."; VariantName = "[No Variations]"
Add component (AddParameter): Name = "Publisher"; Value = "Altium Limited"; VariantName = "[No Variations]"
Added Component: Designator=P2(HDR1X2)
Add component (AddParameter): Name = "LatestRevisionDate"; Value = "17-Jul-2002"; VariantName = "[No Variations]"
Add component (AddParameter): Name = "LatestRevisionNote"; Value = "Re-released for DXP Platform."; VariantName = "[No Variations]"
Add component (AddParameter): Name = "Publisher"; Value = "Altium Limited"; VariantName = "[No Variations]"
Added Pin To Net: NetName=FB1_in Pin=IC?-9
Added Pin To Net: NetName=FB2_in Pin=IC?-9
Added Pin To Net: NetName=FB3_in Pin=IC?-9
Added Pin To Net: NetName=FB4_in Pin=IC?-9
Added Pin To Net: NetName=+12 Pin=P1-1
Added Pin To Net: NetName=GND Pin=P1-2
Added Pin To Net: NetName=GND Pin=P2-1
Added Pin To Net: NetName=+5 Pin=P2-2
Added Pin To Net: NetName=+5 Pin=U?-49
Added Pin To Net: NetName=+5 Pin=U?-50
Added Pin To Net: NetName=Leg1_MSel0 Pin=Arduino Mega-34
Added Pin To Net: NetName=Leg1_MSel0 Pin=IC?-7
Added Net: Name=Leg1_MSel0
Added Pin To Net: NetName=Leg1_MSel1 Pin=Arduino Mega-35
Added Pin To Net: NetName=Leg1_MSel1 Pin=IC?-6
Added Net: Name=Leg1_MSel1
Added Pin To Net: NetName=Leg2_MSel0 Pin=Arduino Mega-36
Added Pin To Net: NetName=Leg2_MSel0 Pin=IC?-7
Added Net: Name=Leg2_MSel0
Added Pin To Net: NetName=Leg2_MSel1 Pin=Arduino Mega-37
Added Pin To Net: NetName=Leg2_MSel1 Pin=IC?-6
Added Net: Name=Leg2_MSel1
Added Pin To Net: NetName=Leg3_MSel0 Pin=Arduino Mega-38
Added Pin To Net: NetName=Leg3_MSel0 Pin=IC?-7
Added Net: Name=Leg3_MSel0
Added Pin To Net: NetName=Leg3_MSel1 Pin=Arduino Mega-39
Added Pin To Net: NetName=Leg3_MSel1 Pin=IC?-6
Added Net: Name=Leg3_MSel1
Added Pin To Net: NetName=Leg4_MSel0 Pin=Arduino Mega-40
Added Pin To Net: NetName=Leg4_MSel0 Pin=IC?-7
Added Net: Name=Leg4_MSel0
Added Pin To Net: NetName=Leg4_MSel1 Pin=Arduino Mega-41
Added Pin To Net: NetName=Leg4_MSel1 Pin=IC?-6
Added Net: Name=Leg4_MSel1
Added Member To Class: ClassName=U_PWM_BoardSchem Member=Component IC? (IC2) MAX4524LEUB+
Added Member To Class: ClassName=U_PWM_BoardSchem Member=Component IC? (IC4) MAX4524LEUB+
Added Member To Class: ClassName=U_PWM_BoardSchem Member=Component IC? (IC3) MAX4524LEUB+
Added Member To Class: ClassName=U_PWM_BoardSchem Member=Component J? (J7) B4B-XH-A_LF__SN_
Added Member To Class: ClassName=U_PWM_BoardSchem Member=Component J? (J9) B4B-XH-A_LF__SN_
Added Member To Class: ClassName=U_PWM_BoardSchem Member=Component J? (J10) B4B-XH-A_LF__SN_
Added Member To Class: ClassName=U_PWM_BoardSchem Member=Component J? (J3) B4B-XH-A_LF__SN_
Added Member To Class: ClassName=U_PWM_BoardSchem Member=Component J? (J12) B4B-XH-A_LF__SN_
Added Member To Class: ClassName=U_PWM_BoardSchem Member=Component J? (J5) B4B-XH-A_LF__SN_
Added Member To Class: ClassName=U_PWM_BoardSchem Member=Component J? (J6) B4B-XH-A_LF__SN_
Added Member To Class: ClassName=U_PWM_BoardSchem Member=Component J? (J11) B4B-XH-A_LF__SN_
Added Member To Class: ClassName=U_PWM_BoardSchem Member=Component J? (J4) B4B-XH-A_LF__SN_
Added Member To Class: ClassName=U_PWM_BoardSchem Member=Component J? (J8) B4B-XH-A_LF__SN_
Added Member To Class: ClassName=U_Power_Circuit Member=Component P1 12V_IN
Added Member To Class: ClassName=U_Power_Circuit Member=Component P2 12V_OUT
