Removed Pin From Net: NetName=3.3V Pin=C1-1
Removed Pin From Net: NetName=+5 Pin=C1-2
Change Component Footprint: Designator=C1 Old Footprint=CAPR5-4X5 New Footprint=PCB - CAPACITOR - MLCC - CAP 0_2 RADIAL DISC
Change Component Comment : Designator=C1 Old Comment=Cap2 New Comment=100.0 nF
Change Managed Component Library Link : Designator=C1 Old VaultGUID=B7D15EC3-160A-466F-A46C-7801FE6295A7 New VaultGUID= Old ItemGUID=88F03D14-E60C-4B04-8FBC-63842C6B306F New ItemGUID= Old RevisionGUID=C62A4C4F-F3AF-4281-820C-2BBEF536B8A9 New RevisionGUID=
Change component parameters: Designator = "C1" ("C1"); Footprint = "CAPR5-4X5"; UniqueID = "\NDLVYYLX\FMMVQZBK" ("\NDLVYYLX\FMMVQZBK")
Change component parameters (AddParameter): Name = "Capacitance"; Value = "100.0 nF"; VariantName = "[No Variations]"
Change component parameters (AddParameter): Name = "Category"; Value = "Capacitors"; VariantName = "[No Variations]"
Change component parameters (AddParameter): Name = "Composition"; Value = "Ceramic"; VariantName = "[No Variations]"
Change component parameters (AddParameter): Name = "Datasheet"; Value = "https://www.vishay.com/docs/45171/kseries.pdf"; VariantName = "[No Variations]"
Change component parameters (AddParameter): Name = "Manufacturer"; Value = "Vishay Beyschlag/Draloric/BC Components"; VariantName = "[No Variations]"
Change component parameters (AddParameter): Name = "Manufacturer part number"; Value = "K104K15X7RF53H5"; VariantName = "[No Variations]"
Change component parameters (AddParameter): Name = "Name"; Value = "100.0 nF 50.0 V 10.0 % Ceramic Capacitor"; VariantName = "[No Variations]"
Change component parameters (AddParameter): Name = "Package"; Value = "Radial"; VariantName = "[No Variations]"
Change component parameters (AddParameter): Name = "Packaging"; Value = "Bulk"; VariantName = "[No Variations]"
Change component parameters (AddParameter): Name = "Rowan Part Number"; Value = "1340"; VariantName = "[No Variations]"
Change component parameters (AddParameter): Name = "Status"; Value = "Active"; VariantName = "[No Variations]"
Change component parameters (AddParameter): Name = "Supplier 1"; Value = "Digi-Key"; VariantName = "[No Variations]"
Change component parameters (AddParameter): Name = "Supplier Part Number 1"; Value = "BC3323-ND"; VariantName = "[No Variations]"
Change component parameters (AddParameter): Name = "Tolerance"; Value = "10.0 %"; VariantName = "[No Variations]"
Change component parameters (AddParameter): Name = "Voltage Rating"; Value = "50.0 V"; VariantName = "[No Variations]"
Added Pin To Net: NetName=+5 Pin=C1-1
Added Pin To Net: NetName=3.3V Pin=C1-2
