Change Component Designator: OldDesignator=3v3Reg NewDesignator=U6
Change Component Designator: OldDesignator=12VBat NewDesignator=1
Change Component Designator: OldDesignator=IC? NewDesignator=U1
Change Component Designator: OldDesignator=IC? NewDesignator=U3
Change Component Designator: OldDesignator=IC? NewDesignator=U4
Change Component Designator: OldDesignator=IC? NewDesignator=U5
Change Component Designator: OldDesignator=J17 NewDesignator=J13
Change Component Designator: OldDesignator=J18 NewDesignator=J14
Change Component Designator: OldDesignator=J? NewDesignator=J2
Change Component Designator: OldDesignator=J? NewDesignator=J3
Change Component Designator: OldDesignator=J? NewDesignator=J4
Change Component Designator: OldDesignator=J? NewDesignator=J5
Change Component Designator: OldDesignator=J? NewDesignator=J6
Change Component Designator: OldDesignator=J? NewDesignator=J7
Change Component Designator: OldDesignator=J? NewDesignator=J8
Change Component Designator: OldDesignator=J? NewDesignator=J9
Change Component Designator: OldDesignator=J? NewDesignator=J10
Change Component Designator: OldDesignator=J? NewDesignator=J11
Change Component Designator: OldDesignator=J? NewDesignator=J12
Change Component Designator: OldDesignator=R5 NewDesignator=R6
Change Component Designator: OldDesignator=R6 NewDesignator=R5
Change Component Designator: OldDesignator=U? NewDesignator=U2
Change Net Name : Old Net Name=Net3v3Reg_1 New Net Name=NetR1_1
Added Member To Class: ClassName=U_PWM_BoardSchem Member=Component J2 B4B-XH-A_LF__SN_
Added Member To Class: ClassName=U_PWM_BoardSchem Member=Component J3 B4B-XH-A_LF__SN_
Added Member To Class: ClassName=U_PWM_BoardSchem Member=Component J4 B4B-XH-A_LF__SN_
Added Member To Class: ClassName=U_PWM_BoardSchem Member=Component J5 B4B-XH-A_LF__SN_
Added Member To Class: ClassName=U_PWM_BoardSchem Member=Component J6 B4B-XH-A_LF__SN_
Added Member To Class: ClassName=U_PWM_BoardSchem Member=Component J7 B4B-XH-A_LF__SN_
Added Member To Class: ClassName=U_PWM_BoardSchem Member=Component J8 B4B-XH-A_LF__SN_
Added Member To Class: ClassName=U_PWM_BoardSchem Member=Component J9 B4B-XH-A_LF__SN_
Added Member To Class: ClassName=U_PWM_BoardSchem Member=Component J10 B4B-XH-A_LF__SN_
Added Member To Class: ClassName=U_PWM_BoardSchem Member=Component J12 B4B-XH-A_LF__SN_
Added Member To Class: ClassName=U_PWM_BoardSchem Member=Component U1 MAX4524LEUB+
Added Member To Class: ClassName=U_PWM_BoardSchem Member=Component U4 MAX4524LEUB+
Added Member To Class: ClassName=U_PWM_BoardSchem Member=Component U5 MAX4524LEUB+
