Removed Pin From Net: NetName=+5 Pin=3_3 VReg-1
Removed Pin From Net: NetName=3.3V Pin=3_3 VReg-3
Removed Member From Class: ClassName=U_Power_Circuit Member=3_3 VReg
Added Component: Designator=3v3Reg(TO-220)
Add component (AddParameter): Name = "ComponentLink1Description"; Value = "Manufacturer URL"; VariantName = "[No Variations]"
Add component (AddParameter): Name = "ComponentLink1URL"; Value = "http://www.st.com"; VariantName = "[No Variations]"
Add component (AddParameter): Name = "ComponentLink2Description"; Value = "Datasheet"; VariantName = "[No Variations]"
Add component (AddParameter): Name = "ComponentLink2URL"; Value = "http://www.st.com/internet/com/TECHNICAL_RESOURCES/TECHNICAL_LITERATURE/DATASHEET/CD00000455.pdf"; VariantName = "[No Variations]"
Add component (AddParameter): Name = "ComponentLink3Description"; Value = "Package Specification"; VariantName = "[No Variations]"
Add component (AddParameter): Name = "ComponentLink3URL"; Value = "http://www.st.com/internet/com/TECHNICAL_RESOURCES/TECHNICAL_LITERATURE/PACKAGE_INFORMATION/CD00004649.pdf"; VariantName = "[No Variations]"
Add component (AddParameter): Name = "DatasheetVersion"; Value = "1/11/2011"; VariantName = "[No Variations]"
Add component (AddParameter): Name = "PackageDescription"; Value = "TO, Thru-Hole, Vertical, Heatsink Mounted; 3 In-Line Leads; Pitch 2.54 mm"; VariantName = "[No Variations]"
Add component (AddParameter): Name = "PackageReference"; Value = "TO-220"; VariantName = "[No Variations]"
Add component (AddParameter): Name = "PackageVersion"; Value = "2011"; VariantName = "[No Variations]"
Added Pin To Net: NetName=3.3V Pin=3v3Reg-2
Added Pin To Net: NetName=+5 Pin=3v3Reg-3
Added Pin To Net: NetName=Net3v3Reg_1 Pin=3v3Reg-1
Added Pin To Net: NetName=Net3v3Reg_1 Pin=R1-1
Added Pin To Net: NetName=Net3v3Reg_1 Pin=R2-2
Added Net: Name=Net3v3Reg_1
Added Member To Class: ClassName=U_Power_Circuit Member=Component 3v3Reg LM317T
