Removed Pin From Net: NetName=Leg1_PWM0 Pin=U2-1
Removed Pin From Net: NetName=Leg1_PWM1 Pin=U2-2
Removed Pin From Net: NetName=Leg1_PWM2 Pin=U2-3
Removed Pin From Net: NetName=Leg2_PWM0 Pin=U2-5
Removed Pin From Net: NetName=Leg2_PWM1 Pin=U2-6
Removed Pin From Net: NetName=Leg2_PWM2 Pin=U2-7
Removed Pin From Net: NetName=Leg3_PWM0 Pin=U2-9
Removed Pin From Net: NetName=Leg3_PWM1 Pin=U2-10
Removed Pin From Net: NetName=Leg3_PWM2 Pin=U2-11
Removed Pin From Net: NetName=Leg4_PWM0 Pin=U2-13
Removed Pin From Net: NetName=Leg4_PWM1 Pin=U2-14
Removed Pin From Net: NetName=Leg4_PWM2 Pin=U2-15
Removed Pin From Net: NetName=Leg1_V0 Pin=U2-17
Removed Pin From Net: NetName=Leg1_V1 Pin=U2-18
Removed Pin From Net: NetName=Leg1_V2 Pin=U2-19
Removed Pin From Net: NetName=Leg2_V0 Pin=U2-21
Removed Pin From Net: NetName=Leg2_V1 Pin=U2-22
Removed Pin From Net: NetName=Leg2_V2 Pin=U2-23
Removed Pin From Net: NetName=Leg3_V0 Pin=U2-25
Removed Pin From Net: NetName=Leg3_V1 Pin=U2-26
Removed Pin From Net: NetName=Leg3_V2 Pin=U2-27
Removed Pin From Net: NetName=Leg4_V0 Pin=U2-29
Removed Pin From Net: NetName=Leg4_V1 Pin=U2-30
Removed Pin From Net: NetName=Leg4_V2 Pin=U2-31
Added Pin To Net: NetName=GND Pin=J1-4
Added Pin To Net: NetName=GND Pin=J2-4
Added Pin To Net: NetName=GND Pin=J3-4
Added Pin To Net: NetName=GND Pin=J4-4
Added Pin To Net: NetName=Leg4_PWM0 Pin=U2-1
Added Pin To Net: NetName=Leg4_PWM1 Pin=U2-2
Added Pin To Net: NetName=Leg4_PWM2 Pin=U2-3
Added Pin To Net: NetName=Leg3_PWM0 Pin=U2-5
Added Pin To Net: NetName=Leg3_PWM1 Pin=U2-6
Added Pin To Net: NetName=Leg3_PWM2 Pin=U2-7
Added Pin To Net: NetName=Leg2_PWM0 Pin=U2-9
Added Pin To Net: NetName=Leg2_PWM1 Pin=U2-10
Added Pin To Net: NetName=Leg2_PWM2 Pin=U2-11
Added Pin To Net: NetName=Leg1_PWM0 Pin=U2-13
Added Pin To Net: NetName=Leg1_PWM1 Pin=U2-14
Added Pin To Net: NetName=Leg1_PWM2 Pin=U2-15
Added Pin To Net: NetName=Leg4_V0 Pin=U2-17
Added Pin To Net: NetName=Leg4_V1 Pin=U2-18
Added Pin To Net: NetName=Leg4_V2 Pin=U2-19
Added Pin To Net: NetName=Leg3_V0 Pin=U2-21
Added Pin To Net: NetName=Leg3_V1 Pin=U2-22
Added Pin To Net: NetName=Leg3_V2 Pin=U2-23
Added Pin To Net: NetName=Leg2_V0 Pin=U2-25
Added Pin To Net: NetName=Leg2_V1 Pin=U2-26
Added Pin To Net: NetName=Leg2_V2 Pin=U2-27
Added Pin To Net: NetName=Leg1_V0 Pin=U2-29
Added Pin To Net: NetName=Leg1_V1 Pin=U2-30
Added Pin To Net: NetName=Leg1_V2 Pin=U2-31
Added Member To Class: ClassName=U_PWM_BoardSchem Member=Component U2 815
Added Room: Name=Main_Board
Added Room: Name=U_MPU_Schem
Added Room: Name=U_PWM_BoardSchem
