Removed Pin From Net: NetName=Leg4_PWM0 Pin=U2-1
Removed Pin From Net: NetName=Leg4_PWM1 Pin=U2-2
Removed Pin From Net: NetName=Leg4_PWM2 Pin=U2-3
Removed Pin From Net: NetName=Leg3_PWM0 Pin=U2-5
Removed Pin From Net: NetName=Leg3_PWM1 Pin=U2-6
Removed Pin From Net: NetName=Leg3_PWM2 Pin=U2-7
Removed Pin From Net: NetName=Leg4_V0 Pin=U2-17
Removed Pin From Net: NetName=Leg4_V1 Pin=U2-18
Removed Pin From Net: NetName=Leg4_V2 Pin=U2-19
Removed Pin From Net: NetName=Leg3_V0 Pin=U2-21
Removed Pin From Net: NetName=Leg3_V1 Pin=U2-22
Removed Pin From Net: NetName=Leg3_V2 Pin=U2-23
Added Pin To Net: NetName=Leg3_PWM0 Pin=U2-1
Added Pin To Net: NetName=Leg3_PWM1 Pin=U2-2
Added Pin To Net: NetName=Leg3_PWM2 Pin=U2-3
Added Pin To Net: NetName=Leg4_PWM0 Pin=U2-5
Added Pin To Net: NetName=Leg4_PWM1 Pin=U2-6
Added Pin To Net: NetName=Leg4_PWM2 Pin=U2-7
Added Pin To Net: NetName=Leg3_V0 Pin=U2-17
Added Pin To Net: NetName=Leg3_V1 Pin=U2-18
Added Pin To Net: NetName=Leg3_V2 Pin=U2-19
Added Pin To Net: NetName=Leg4_V0 Pin=U2-21
Added Pin To Net: NetName=Leg4_V1 Pin=U2-22
Added Pin To Net: NetName=Leg4_V2 Pin=U2-23
Added Room: Name=Main_Board
Added Room: Name=U_MPU_Schem
Added Room: Name=U_PWM_BoardSchem
