Removed Pin From Net: NetName=+5 Pin=Arduino Mega-59
Removed Pin From Net: NetName=A0_f1 Pin=JST0-4
Removed Pin From Net: NetName=A0_f2 Pin=JST1-4
Removed Pin From Net: NetName=A0_f3 Pin=JST2-4
Removed Pin From Net: NetName=A0_f4 Pin=JST3-4
Removed Pin From Net: NetName=A1_f1 Pin=JST4-4
Removed Pin From Net: NetName=A1_f2 Pin=JST5-4
Removed Pin From Net: NetName=A1_f3 Pin=JST6-4
Removed Pin From Net: NetName=A1_f4 Pin=JST7-4
Removed Pin From Net: NetName=A2_f1 Pin=JST8-4
Removed Pin From Net: NetName=A2_f2 Pin=JST9-4
Removed Pin From Net: NetName=A2_f3 Pin=JST10-4
Removed Pin From Net: NetName=A2_f4 Pin=JST11-4
Removed Pin From Net: NetName=A3_f1 Pin=JST12-4
Removed Pin From Net: NetName=A3_f2 Pin=JST13-4
Removed Pin From Net: NetName=A3_f3 Pin=JST14-4
Removed Pin From Net: NetName=A3_f4 Pin=JST15-4
Removed Pin From Net: NetName=A0_f1 Pin=PWM0-4
Removed Pin From Net: NetName=A0_f2 Pin=PWM1-4
Removed Pin From Net: NetName=A0_f3 Pin=PWM2-4
Removed Pin From Net: NetName=A0_f4 Pin=PWM3-4
Removed Pin From Net: NetName=A1_f1 Pin=PWM4-4
Removed Pin From Net: NetName=A1_f2 Pin=PWM5-4
Removed Pin From Net: NetName=A1_f3 Pin=PWM6-4
Removed Pin From Net: NetName=A1_f4 Pin=PWM7-4
Removed Pin From Net: NetName=A2_f1 Pin=PWM8-4
Removed Pin From Net: NetName=A2_f2 Pin=PWM9-4
Removed Pin From Net: NetName=A2_f3 Pin=PWM10-4
Removed Pin From Net: NetName=A2_f4 Pin=PWM11-4
Removed Pin From Net: NetName=A3_f1 Pin=PWM12-4
Removed Pin From Net: NetName=A3_f2 Pin=PWM13-4
Removed Pin From Net: NetName=A3_f3 Pin=PWM14-4
Removed Pin From Net: NetName=A3_f4 Pin=PWM15-4
Removed Member From Class: ClassName=U_PWM_BoardSchem Member=JST0
Removed Member From Class: ClassName=U_PWM_BoardSchem Member=JST1
Removed Member From Class: ClassName=U_PWM_BoardSchem Member=JST2
Removed Member From Class: ClassName=U_PWM_BoardSchem Member=JST3
Removed Member From Class: ClassName=U_PWM_BoardSchem Member=JST4
Removed Member From Class: ClassName=U_PWM_BoardSchem Member=JST5
Removed Member From Class: ClassName=U_PWM_BoardSchem Member=JST6
Removed Member From Class: ClassName=U_PWM_BoardSchem Member=JST7
Removed Member From Class: ClassName=U_PWM_BoardSchem Member=JST8
Removed Member From Class: ClassName=U_PWM_BoardSchem Member=JST9
Removed Member From Class: ClassName=U_PWM_BoardSchem Member=JST10
Removed Member From Class: ClassName=U_PWM_BoardSchem Member=JST11
Removed Member From Class: ClassName=U_PWM_BoardSchem Member=JST12
Removed Member From Class: ClassName=U_PWM_BoardSchem Member=JST13
Removed Member From Class: ClassName=U_PWM_BoardSchem Member=JST14
Removed Member From Class: ClassName=U_PWM_BoardSchem Member=JST15
Removed Member From Class: ClassName=U_PWM_BoardSchem Member=PWM0
Removed Member From Class: ClassName=U_PWM_BoardSchem Member=PWM1
Removed Member From Class: ClassName=U_PWM_BoardSchem Member=PWM2
Removed Member From Class: ClassName=U_PWM_BoardSchem Member=PWM3
Removed Member From Class: ClassName=U_PWM_BoardSchem Member=PWM4
Removed Member From Class: ClassName=U_PWM_BoardSchem Member=PWM5
Removed Member From Class: ClassName=U_PWM_BoardSchem Member=PWM6
Removed Member From Class: ClassName=U_PWM_BoardSchem Member=PWM7
Removed Member From Class: ClassName=U_PWM_BoardSchem Member=PWM8
Removed Member From Class: ClassName=U_PWM_BoardSchem Member=PWM9
Removed Member From Class: ClassName=U_PWM_BoardSchem Member=PWM10
Removed Member From Class: ClassName=U_PWM_BoardSchem Member=PWM11
Removed Member From Class: ClassName=U_PWM_BoardSchem Member=PWM12
Removed Member From Class: ClassName=U_PWM_BoardSchem Member=PWM13
Removed Member From Class: ClassName=U_PWM_BoardSchem Member=PWM14
Removed Member From Class: ClassName=U_PWM_BoardSchem Member=PWM15
Change Component Designator: OldDesignator=12V_Lipo NewDesignator=12VBat
Change Component Designator: OldDesignator=HC-06 NewDesignator=HC-1
Change Component Designator: OldDesignator=I2C_con NewDesignator=I1
Change Component Designator: OldDesignator=J1 NewDesignator=J17
Change Component Designator: OldDesignator=J2 NewDesignator=J18
Change Component Designator: OldDesignator=LCD NewDesignator=LCD1
Change Component Designator: OldDesignator=MPU_L NewDesignator=MPU_L1
Change Component Designator: OldDesignator=MPU_R NewDesignator=MPU_R1
Change Component Designator: OldDesignator=R3 NewDesignator=R5
Change Component Designator: OldDesignator=R5 NewDesignator=R3
Change Component Designator: OldDesignator=SPI NewDesignator=SPI1
Added Component: Designator=J1(B4PVHFBBLFSN)
Add component (AddParameter): Name = "Arrow Part Number"; Value = "B4P-VH-FB-B(LF)(SN)"; VariantName = "[No Variations]"
Add component (AddParameter): Name = "Arrow Price/Stock"; Value = "https://www.arrow.com/en/products/b4p-vh-fb-b-lf-sn/jst-manufacturing"; VariantName = "[No Variations]"
Add component (AddParameter): Name = "Datasheet Link"; Value = "https://datasheet.lcsc.com/szlcsc/JST-Sales-America-VHsocket-1-4P-pitch3-96mm_C157995.pdf"; VariantName = "[No Variations]"
Add component (AddParameter): Name = "Height"; Value = "11mm"; VariantName = "[No Variations]"
Add component (AddParameter): Name = "Manufacturer_Name"; Value = "JST (JAPAN SOLDERLESS TERMINALS)"; VariantName = "[No Variations]"
Add component (AddParameter): Name = "Manufacturer_Part_Number"; Value = "B4P-VH-FB-B(LF)(SN)"; VariantName = "[No Variations]"
Add component (AddParameter): Name = "Mouser Part Number"; Value = ""; VariantName = "[No Variations]"
Add component (AddParameter): Name = "Mouser Price/Stock"; Value = ""; VariantName = "[No Variations]"
Added Component: Designator=J2(B4PVHFBBLFSN)
Add component (AddParameter): Name = "Arrow Part Number"; Value = "B4P-VH-FB-B(LF)(SN)"; VariantName = "[No Variations]"
Add component (AddParameter): Name = "Arrow Price/Stock"; Value = "https://www.arrow.com/en/products/b4p-vh-fb-b-lf-sn/jst-manufacturing"; VariantName = "[No Variations]"
Add component (AddParameter): Name = "Datasheet Link"; Value = "https://datasheet.lcsc.com/szlcsc/JST-Sales-America-VHsocket-1-4P-pitch3-96mm_C157995.pdf"; VariantName = "[No Variations]"
Add component (AddParameter): Name = "Height"; Value = "11mm"; VariantName = "[No Variations]"
Add component (AddParameter): Name = "Manufacturer_Name"; Value = "JST (JAPAN SOLDERLESS TERMINALS)"; VariantName = "[No Variations]"
Add component (AddParameter): Name = "Manufacturer_Part_Number"; Value = "B4P-VH-FB-B(LF)(SN)"; VariantName = "[No Variations]"
Add component (AddParameter): Name = "Mouser Part Number"; Value = ""; VariantName = "[No Variations]"
Add component (AddParameter): Name = "Mouser Price/Stock"; Value = ""; VariantName = "[No Variations]"
Added Component: Designator=J3(B4PVHFBBLFSN)
Add component (AddParameter): Name = "Arrow Part Number"; Value = "B4P-VH-FB-B(LF)(SN)"; VariantName = "[No Variations]"
Add component (AddParameter): Name = "Arrow Price/Stock"; Value = "https://www.arrow.com/en/products/b4p-vh-fb-b-lf-sn/jst-manufacturing"; VariantName = "[No Variations]"
Add component (AddParameter): Name = "Datasheet Link"; Value = "https://datasheet.lcsc.com/szlcsc/JST-Sales-America-VHsocket-1-4P-pitch3-96mm_C157995.pdf"; VariantName = "[No Variations]"
Add component (AddParameter): Name = "Height"; Value = "11mm"; VariantName = "[No Variations]"
Add component (AddParameter): Name = "Manufacturer_Name"; Value = "JST (JAPAN SOLDERLESS TERMINALS)"; VariantName = "[No Variations]"
Add component (AddParameter): Name = "Manufacturer_Part_Number"; Value = "B4P-VH-FB-B(LF)(SN)"; VariantName = "[No Variations]"
Add component (AddParameter): Name = "Mouser Part Number"; Value = ""; VariantName = "[No Variations]"
Add component (AddParameter): Name = "Mouser Price/Stock"; Value = ""; VariantName = "[No Variations]"
Added Component: Designator=J4(B4PVHFBBLFSN)
Add component (AddParameter): Name = "Arrow Part Number"; Value = "B4P-VH-FB-B(LF)(SN)"; VariantName = "[No Variations]"
Add component (AddParameter): Name = "Arrow Price/Stock"; Value = "https://www.arrow.com/en/products/b4p-vh-fb-b-lf-sn/jst-manufacturing"; VariantName = "[No Variations]"
Add component (AddParameter): Name = "Datasheet Link"; Value = "https://datasheet.lcsc.com/szlcsc/JST-Sales-America-VHsocket-1-4P-pitch3-96mm_C157995.pdf"; VariantName = "[No Variations]"
Add component (AddParameter): Name = "Height"; Value = "11mm"; VariantName = "[No Variations]"
Add component (AddParameter): Name = "Manufacturer_Name"; Value = "JST (JAPAN SOLDERLESS TERMINALS)"; VariantName = "[No Variations]"
Add component (AddParameter): Name = "Manufacturer_Part_Number"; Value = "B4P-VH-FB-B(LF)(SN)"; VariantName = "[No Variations]"
Add component (AddParameter): Name = "Mouser Part Number"; Value = ""; VariantName = "[No Variations]"
Add component (AddParameter): Name = "Mouser Price/Stock"; Value = ""; VariantName = "[No Variations]"
Added Component: Designator=J5(B4PVHFBBLFSN)
Add component (AddParameter): Name = "Arrow Part Number"; Value = "B4P-VH-FB-B(LF)(SN)"; VariantName = "[No Variations]"
Add component (AddParameter): Name = "Arrow Price/Stock"; Value = "https://www.arrow.com/en/products/b4p-vh-fb-b-lf-sn/jst-manufacturing"; VariantName = "[No Variations]"
Add component (AddParameter): Name = "Datasheet Link"; Value = "https://datasheet.lcsc.com/szlcsc/JST-Sales-America-VHsocket-1-4P-pitch3-96mm_C157995.pdf"; VariantName = "[No Variations]"
Add component (AddParameter): Name = "Height"; Value = "11mm"; VariantName = "[No Variations]"
Add component (AddParameter): Name = "Manufacturer_Name"; Value = "JST (JAPAN SOLDERLESS TERMINALS)"; VariantName = "[No Variations]"
Add component (AddParameter): Name = "Manufacturer_Part_Number"; Value = "B4P-VH-FB-B(LF)(SN)"; VariantName = "[No Variations]"
Add component (AddParameter): Name = "Mouser Part Number"; Value = ""; VariantName = "[No Variations]"
Add component (AddParameter): Name = "Mouser Price/Stock"; Value = ""; VariantName = "[No Variations]"
Added Component: Designator=J6(B4PVHFBBLFSN)
Add component (AddParameter): Name = "Arrow Part Number"; Value = "B4P-VH-FB-B(LF)(SN)"; VariantName = "[No Variations]"
Add component (AddParameter): Name = "Arrow Price/Stock"; Value = "https://www.arrow.com/en/products/b4p-vh-fb-b-lf-sn/jst-manufacturing"; VariantName = "[No Variations]"
Add component (AddParameter): Name = "Datasheet Link"; Value = "https://datasheet.lcsc.com/szlcsc/JST-Sales-America-VHsocket-1-4P-pitch3-96mm_C157995.pdf"; VariantName = "[No Variations]"
Add component (AddParameter): Name = "Height"; Value = "11mm"; VariantName = "[No Variations]"
Add component (AddParameter): Name = "Manufacturer_Name"; Value = "JST (JAPAN SOLDERLESS TERMINALS)"; VariantName = "[No Variations]"
Add component (AddParameter): Name = "Manufacturer_Part_Number"; Value = "B4P-VH-FB-B(LF)(SN)"; VariantName = "[No Variations]"
Add component (AddParameter): Name = "Mouser Part Number"; Value = ""; VariantName = "[No Variations]"
Add component (AddParameter): Name = "Mouser Price/Stock"; Value = ""; VariantName = "[No Variations]"
Added Component: Designator=J7(B4PVHFBBLFSN)
Add component (AddParameter): Name = "Arrow Part Number"; Value = "B4P-VH-FB-B(LF)(SN)"; VariantName = "[No Variations]"
Add component (AddParameter): Name = "Arrow Price/Stock"; Value = "https://www.arrow.com/en/products/b4p-vh-fb-b-lf-sn/jst-manufacturing"; VariantName = "[No Variations]"
Add component (AddParameter): Name = "Datasheet Link"; Value = "https://datasheet.lcsc.com/szlcsc/JST-Sales-America-VHsocket-1-4P-pitch3-96mm_C157995.pdf"; VariantName = "[No Variations]"
Add component (AddParameter): Name = "Height"; Value = "11mm"; VariantName = "[No Variations]"
Add component (AddParameter): Name = "Manufacturer_Name"; Value = "JST (JAPAN SOLDERLESS TERMINALS)"; VariantName = "[No Variations]"
Add component (AddParameter): Name = "Manufacturer_Part_Number"; Value = "B4P-VH-FB-B(LF)(SN)"; VariantName = "[No Variations]"
Add component (AddParameter): Name = "Mouser Part Number"; Value = ""; VariantName = "[No Variations]"
Add component (AddParameter): Name = "Mouser Price/Stock"; Value = ""; VariantName = "[No Variations]"
Added Component: Designator=J8(B4PVHFBBLFSN)
Add component (AddParameter): Name = "Arrow Part Number"; Value = "B4P-VH-FB-B(LF)(SN)"; VariantName = "[No Variations]"
Add component (AddParameter): Name = "Arrow Price/Stock"; Value = "https://www.arrow.com/en/products/b4p-vh-fb-b-lf-sn/jst-manufacturing"; VariantName = "[No Variations]"
Add component (AddParameter): Name = "Datasheet Link"; Value = "https://datasheet.lcsc.com/szlcsc/JST-Sales-America-VHsocket-1-4P-pitch3-96mm_C157995.pdf"; VariantName = "[No Variations]"
Add component (AddParameter): Name = "Height"; Value = "11mm"; VariantName = "[No Variations]"
Add component (AddParameter): Name = "Manufacturer_Name"; Value = "JST (JAPAN SOLDERLESS TERMINALS)"; VariantName = "[No Variations]"
Add component (AddParameter): Name = "Manufacturer_Part_Number"; Value = "B4P-VH-FB-B(LF)(SN)"; VariantName = "[No Variations]"
Add component (AddParameter): Name = "Mouser Part Number"; Value = ""; VariantName = "[No Variations]"
Add component (AddParameter): Name = "Mouser Price/Stock"; Value = ""; VariantName = "[No Variations]"
Added Component: Designator=J9(B4PVHFBBLFSN)
Add component (AddParameter): Name = "Arrow Part Number"; Value = "B4P-VH-FB-B(LF)(SN)"; VariantName = "[No Variations]"
Add component (AddParameter): Name = "Arrow Price/Stock"; Value = "https://www.arrow.com/en/products/b4p-vh-fb-b-lf-sn/jst-manufacturing"; VariantName = "[No Variations]"
Add component (AddParameter): Name = "Datasheet Link"; Value = "https://datasheet.lcsc.com/szlcsc/JST-Sales-America-VHsocket-1-4P-pitch3-96mm_C157995.pdf"; VariantName = "[No Variations]"
Add component (AddParameter): Name = "Height"; Value = "11mm"; VariantName = "[No Variations]"
Add component (AddParameter): Name = "Manufacturer_Name"; Value = "JST (JAPAN SOLDERLESS TERMINALS)"; VariantName = "[No Variations]"
Add component (AddParameter): Name = "Manufacturer_Part_Number"; Value = "B4P-VH-FB-B(LF)(SN)"; VariantName = "[No Variations]"
Add component (AddParameter): Name = "Mouser Part Number"; Value = ""; VariantName = "[No Variations]"
Add component (AddParameter): Name = "Mouser Price/Stock"; Value = ""; VariantName = "[No Variations]"
Added Component: Designator=J10(B4PVHFBBLFSN)
Add component (AddParameter): Name = "Arrow Part Number"; Value = "B4P-VH-FB-B(LF)(SN)"; VariantName = "[No Variations]"
Add component (AddParameter): Name = "Arrow Price/Stock"; Value = "https://www.arrow.com/en/products/b4p-vh-fb-b-lf-sn/jst-manufacturing"; VariantName = "[No Variations]"
Add component (AddParameter): Name = "Datasheet Link"; Value = "https://datasheet.lcsc.com/szlcsc/JST-Sales-America-VHsocket-1-4P-pitch3-96mm_C157995.pdf"; VariantName = "[No Variations]"
Add component (AddParameter): Name = "Height"; Value = "11mm"; VariantName = "[No Variations]"
Add component (AddParameter): Name = "Manufacturer_Name"; Value = "JST (JAPAN SOLDERLESS TERMINALS)"; VariantName = "[No Variations]"
Add component (AddParameter): Name = "Manufacturer_Part_Number"; Value = "B4P-VH-FB-B(LF)(SN)"; VariantName = "[No Variations]"
Add component (AddParameter): Name = "Mouser Part Number"; Value = ""; VariantName = "[No Variations]"
Add component (AddParameter): Name = "Mouser Price/Stock"; Value = ""; VariantName = "[No Variations]"
Added Component: Designator=J11(B4PVHFBBLFSN)
Add component (AddParameter): Name = "Arrow Part Number"; Value = "B4P-VH-FB-B(LF)(SN)"; VariantName = "[No Variations]"
Add component (AddParameter): Name = "Arrow Price/Stock"; Value = "https://www.arrow.com/en/products/b4p-vh-fb-b-lf-sn/jst-manufacturing"; VariantName = "[No Variations]"
Add component (AddParameter): Name = "Datasheet Link"; Value = "https://datasheet.lcsc.com/szlcsc/JST-Sales-America-VHsocket-1-4P-pitch3-96mm_C157995.pdf"; VariantName = "[No Variations]"
Add component (AddParameter): Name = "Height"; Value = "11mm"; VariantName = "[No Variations]"
Add component (AddParameter): Name = "Manufacturer_Name"; Value = "JST (JAPAN SOLDERLESS TERMINALS)"; VariantName = "[No Variations]"
Add component (AddParameter): Name = "Manufacturer_Part_Number"; Value = "B4P-VH-FB-B(LF)(SN)"; VariantName = "[No Variations]"
Add component (AddParameter): Name = "Mouser Part Number"; Value = ""; VariantName = "[No Variations]"
Add component (AddParameter): Name = "Mouser Price/Stock"; Value = ""; VariantName = "[No Variations]"
Added Component: Designator=J12(B4PVHFBBLFSN)
Add component (AddParameter): Name = "Arrow Part Number"; Value = "B4P-VH-FB-B(LF)(SN)"; VariantName = "[No Variations]"
Add component (AddParameter): Name = "Arrow Price/Stock"; Value = "https://www.arrow.com/en/products/b4p-vh-fb-b-lf-sn/jst-manufacturing"; VariantName = "[No Variations]"
Add component (AddParameter): Name = "Datasheet Link"; Value = "https://datasheet.lcsc.com/szlcsc/JST-Sales-America-VHsocket-1-4P-pitch3-96mm_C157995.pdf"; VariantName = "[No Variations]"
Add component (AddParameter): Name = "Height"; Value = "11mm"; VariantName = "[No Variations]"
Add component (AddParameter): Name = "Manufacturer_Name"; Value = "JST (JAPAN SOLDERLESS TERMINALS)"; VariantName = "[No Variations]"
Add component (AddParameter): Name = "Manufacturer_Part_Number"; Value = "B4P-VH-FB-B(LF)(SN)"; VariantName = "[No Variations]"
Add component (AddParameter): Name = "Mouser Part Number"; Value = ""; VariantName = "[No Variations]"
Add component (AddParameter): Name = "Mouser Price/Stock"; Value = ""; VariantName = "[No Variations]"
Added Component: Designator=J13(B4PVHFBBLFSN)
Add component (AddParameter): Name = "Arrow Part Number"; Value = "B4P-VH-FB-B(LF)(SN)"; VariantName = "[No Variations]"
Add component (AddParameter): Name = "Arrow Price/Stock"; Value = "https://www.arrow.com/en/products/b4p-vh-fb-b-lf-sn/jst-manufacturing"; VariantName = "[No Variations]"
Add component (AddParameter): Name = "Datasheet Link"; Value = "https://datasheet.lcsc.com/szlcsc/JST-Sales-America-VHsocket-1-4P-pitch3-96mm_C157995.pdf"; VariantName = "[No Variations]"
Add component (AddParameter): Name = "Height"; Value = "11mm"; VariantName = "[No Variations]"
Add component (AddParameter): Name = "Manufacturer_Name"; Value = "JST (JAPAN SOLDERLESS TERMINALS)"; VariantName = "[No Variations]"
Add component (AddParameter): Name = "Manufacturer_Part_Number"; Value = "B4P-VH-FB-B(LF)(SN)"; VariantName = "[No Variations]"
Add component (AddParameter): Name = "Mouser Part Number"; Value = ""; VariantName = "[No Variations]"
Add component (AddParameter): Name = "Mouser Price/Stock"; Value = ""; VariantName = "[No Variations]"
Added Component: Designator=J14(B4PVHFBBLFSN)
Add component (AddParameter): Name = "Arrow Part Number"; Value = "B4P-VH-FB-B(LF)(SN)"; VariantName = "[No Variations]"
Add component (AddParameter): Name = "Arrow Price/Stock"; Value = "https://www.arrow.com/en/products/b4p-vh-fb-b-lf-sn/jst-manufacturing"; VariantName = "[No Variations]"
Add component (AddParameter): Name = "Datasheet Link"; Value = "https://datasheet.lcsc.com/szlcsc/JST-Sales-America-VHsocket-1-4P-pitch3-96mm_C157995.pdf"; VariantName = "[No Variations]"
Add component (AddParameter): Name = "Height"; Value = "11mm"; VariantName = "[No Variations]"
Add component (AddParameter): Name = "Manufacturer_Name"; Value = "JST (JAPAN SOLDERLESS TERMINALS)"; VariantName = "[No Variations]"
Add component (AddParameter): Name = "Manufacturer_Part_Number"; Value = "B4P-VH-FB-B(LF)(SN)"; VariantName = "[No Variations]"
Add component (AddParameter): Name = "Mouser Part Number"; Value = ""; VariantName = "[No Variations]"
Add component (AddParameter): Name = "Mouser Price/Stock"; Value = ""; VariantName = "[No Variations]"
Added Component: Designator=J15(B4PVHFBBLFSN)
Add component (AddParameter): Name = "Arrow Part Number"; Value = "B4P-VH-FB-B(LF)(SN)"; VariantName = "[No Variations]"
Add component (AddParameter): Name = "Arrow Price/Stock"; Value = "https://www.arrow.com/en/products/b4p-vh-fb-b-lf-sn/jst-manufacturing"; VariantName = "[No Variations]"
Add component (AddParameter): Name = "Datasheet Link"; Value = "https://datasheet.lcsc.com/szlcsc/JST-Sales-America-VHsocket-1-4P-pitch3-96mm_C157995.pdf"; VariantName = "[No Variations]"
Add component (AddParameter): Name = "Height"; Value = "11mm"; VariantName = "[No Variations]"
Add component (AddParameter): Name = "Manufacturer_Name"; Value = "JST (JAPAN SOLDERLESS TERMINALS)"; VariantName = "[No Variations]"
Add component (AddParameter): Name = "Manufacturer_Part_Number"; Value = "B4P-VH-FB-B(LF)(SN)"; VariantName = "[No Variations]"
Add component (AddParameter): Name = "Mouser Part Number"; Value = ""; VariantName = "[No Variations]"
Add component (AddParameter): Name = "Mouser Price/Stock"; Value = ""; VariantName = "[No Variations]"
Added Component: Designator=J16(B4PVHFBBLFSN)
Add component (AddParameter): Name = "Arrow Part Number"; Value = "B4P-VH-FB-B(LF)(SN)"; VariantName = "[No Variations]"
Add component (AddParameter): Name = "Arrow Price/Stock"; Value = "https://www.arrow.com/en/products/b4p-vh-fb-b-lf-sn/jst-manufacturing"; VariantName = "[No Variations]"
Add component (AddParameter): Name = "Datasheet Link"; Value = "https://datasheet.lcsc.com/szlcsc/JST-Sales-America-VHsocket-1-4P-pitch3-96mm_C157995.pdf"; VariantName = "[No Variations]"
Add component (AddParameter): Name = "Height"; Value = "11mm"; VariantName = "[No Variations]"
Add component (AddParameter): Name = "Manufacturer_Name"; Value = "JST (JAPAN SOLDERLESS TERMINALS)"; VariantName = "[No Variations]"
Add component (AddParameter): Name = "Manufacturer_Part_Number"; Value = "B4P-VH-FB-B(LF)(SN)"; VariantName = "[No Variations]"
Add component (AddParameter): Name = "Mouser Part Number"; Value = ""; VariantName = "[No Variations]"
Add component (AddParameter): Name = "Mouser Price/Stock"; Value = ""; VariantName = "[No Variations]"
Added Component: Designator=P1(HDR1X3)
Add component (AddParameter): Name = "LatestRevisionDate"; Value = "17-Jul-2002"; VariantName = "[No Variations]"
Add component (AddParameter): Name = "LatestRevisionNote"; Value = "Re-released for DXP Platform."; VariantName = "[No Variations]"
Add component (AddParameter): Name = "Publisher"; Value = "Altium Limited"; VariantName = "[No Variations]"
Added Component: Designator=P2(HDR1X3)
Add component (AddParameter): Name = "LatestRevisionDate"; Value = "17-Jul-2002"; VariantName = "[No Variations]"
Add component (AddParameter): Name = "LatestRevisionNote"; Value = "Re-released for DXP Platform."; VariantName = "[No Variations]"
Add component (AddParameter): Name = "Publisher"; Value = "Altium Limited"; VariantName = "[No Variations]"
Added Component: Designator=P3(HDR1X3)
Add component (AddParameter): Name = "LatestRevisionDate"; Value = "17-Jul-2002"; VariantName = "[No Variations]"
Add component (AddParameter): Name = "LatestRevisionNote"; Value = "Re-released for DXP Platform."; VariantName = "[No Variations]"
Add component (AddParameter): Name = "Publisher"; Value = "Altium Limited"; VariantName = "[No Variations]"
Added Component: Designator=P4(HDR1X3)
Add component (AddParameter): Name = "LatestRevisionDate"; Value = "17-Jul-2002"; VariantName = "[No Variations]"
Add component (AddParameter): Name = "LatestRevisionNote"; Value = "Re-released for DXP Platform."; VariantName = "[No Variations]"
Add component (AddParameter): Name = "Publisher"; Value = "Altium Limited"; VariantName = "[No Variations]"
Added Component: Designator=P5(HDR1X3)
Add component (AddParameter): Name = "LatestRevisionDate"; Value = "17-Jul-2002"; VariantName = "[No Variations]"
Add component (AddParameter): Name = "LatestRevisionNote"; Value = "Re-released for DXP Platform."; VariantName = "[No Variations]"
Add component (AddParameter): Name = "Publisher"; Value = "Altium Limited"; VariantName = "[No Variations]"
Added Component: Designator=P6(HDR1X3)
Add component (AddParameter): Name = "LatestRevisionDate"; Value = "17-Jul-2002"; VariantName = "[No Variations]"
Add component (AddParameter): Name = "LatestRevisionNote"; Value = "Re-released for DXP Platform."; VariantName = "[No Variations]"
Add component (AddParameter): Name = "Publisher"; Value = "Altium Limited"; VariantName = "[No Variations]"
Added Component: Designator=P7(HDR1X3)
Add component (AddParameter): Name = "LatestRevisionDate"; Value = "17-Jul-2002"; VariantName = "[No Variations]"
Add component (AddParameter): Name = "LatestRevisionNote"; Value = "Re-released for DXP Platform."; VariantName = "[No Variations]"
Add component (AddParameter): Name = "Publisher"; Value = "Altium Limited"; VariantName = "[No Variations]"
Added Component: Designator=P8(HDR1X3)
Add component (AddParameter): Name = "LatestRevisionDate"; Value = "17-Jul-2002"; VariantName = "[No Variations]"
Add component (AddParameter): Name = "LatestRevisionNote"; Value = "Re-released for DXP Platform."; VariantName = "[No Variations]"
Add component (AddParameter): Name = "Publisher"; Value = "Altium Limited"; VariantName = "[No Variations]"
Added Component: Designator=P9(HDR1X3)
Add component (AddParameter): Name = "LatestRevisionDate"; Value = "17-Jul-2002"; VariantName = "[No Variations]"
Add component (AddParameter): Name = "LatestRevisionNote"; Value = "Re-released for DXP Platform."; VariantName = "[No Variations]"
Add component (AddParameter): Name = "Publisher"; Value = "Altium Limited"; VariantName = "[No Variations]"
Added Component: Designator=P10(HDR1X3)
Add component (AddParameter): Name = "LatestRevisionDate"; Value = "17-Jul-2002"; VariantName = "[No Variations]"
Add component (AddParameter): Name = "LatestRevisionNote"; Value = "Re-released for DXP Platform."; VariantName = "[No Variations]"
Add component (AddParameter): Name = "Publisher"; Value = "Altium Limited"; VariantName = "[No Variations]"
Added Component: Designator=P11(HDR1X3)
Add component (AddParameter): Name = "LatestRevisionDate"; Value = "17-Jul-2002"; VariantName = "[No Variations]"
Add component (AddParameter): Name = "LatestRevisionNote"; Value = "Re-released for DXP Platform."; VariantName = "[No Variations]"
Add component (AddParameter): Name = "Publisher"; Value = "Altium Limited"; VariantName = "[No Variations]"
Added Component: Designator=P12(HDR1X3)
Add component (AddParameter): Name = "LatestRevisionDate"; Value = "17-Jul-2002"; VariantName = "[No Variations]"
Add component (AddParameter): Name = "LatestRevisionNote"; Value = "Re-released for DXP Platform."; VariantName = "[No Variations]"
Add component (AddParameter): Name = "Publisher"; Value = "Altium Limited"; VariantName = "[No Variations]"
Added Component: Designator=P13(HDR1X3)
Add component (AddParameter): Name = "LatestRevisionDate"; Value = "17-Jul-2002"; VariantName = "[No Variations]"
Add component (AddParameter): Name = "LatestRevisionNote"; Value = "Re-released for DXP Platform."; VariantName = "[No Variations]"
Add component (AddParameter): Name = "Publisher"; Value = "Altium Limited"; VariantName = "[No Variations]"
Added Component: Designator=P14(HDR1X3)
Add component (AddParameter): Name = "LatestRevisionDate"; Value = "17-Jul-2002"; VariantName = "[No Variations]"
Add component (AddParameter): Name = "LatestRevisionNote"; Value = "Re-released for DXP Platform."; VariantName = "[No Variations]"
Add component (AddParameter): Name = "Publisher"; Value = "Altium Limited"; VariantName = "[No Variations]"
Added Component: Designator=P15(HDR1X3)
Add component (AddParameter): Name = "LatestRevisionDate"; Value = "17-Jul-2002"; VariantName = "[No Variations]"
Add component (AddParameter): Name = "LatestRevisionNote"; Value = "Re-released for DXP Platform."; VariantName = "[No Variations]"
Add component (AddParameter): Name = "Publisher"; Value = "Altium Limited"; VariantName = "[No Variations]"
Added Component: Designator=P16(HDR1X3)
Add component (AddParameter): Name = "LatestRevisionDate"; Value = "17-Jul-2002"; VariantName = "[No Variations]"
Add component (AddParameter): Name = "LatestRevisionNote"; Value = "Re-released for DXP Platform."; VariantName = "[No Variations]"
Add component (AddParameter): Name = "Publisher"; Value = "Altium Limited"; VariantName = "[No Variations]"
Added Pin To Net: NetName=A0_f1 Pin=J1-4
Added Pin To Net: NetName=A0_f2 Pin=J2-4
Added Pin To Net: NetName=A0_f3 Pin=J3-4
Added Pin To Net: NetName=A0_f4 Pin=J4-4
Added Pin To Net: NetName=A1_f1 Pin=J5-4
Added Pin To Net: NetName=A1_f2 Pin=J6-4
Added Pin To Net: NetName=A1_f3 Pin=J7-4
Added Pin To Net: NetName=A1_f4 Pin=J8-4
Added Pin To Net: NetName=A2_f1 Pin=J9-4
Added Pin To Net: NetName=A2_f2 Pin=J10-4
Added Pin To Net: NetName=A2_f3 Pin=J11-4
Added Pin To Net: NetName=A2_f4 Pin=J12-4
Added Pin To Net: NetName=A3_f1 Pin=J13-4
Added Pin To Net: NetName=A3_f2 Pin=J14-4
Added Pin To Net: NetName=A3_f3 Pin=J15-4
Added Pin To Net: NetName=A3_f4 Pin=J16-4
Change Net Name : Old Net Name=NetHC-06_4 New Net Name=NetHC-1_4
Added Pin To Net: NetName=+12 Pin=5V_Reg-1
Added Pin To Net: NetName=+12 Pin=12VBat-1
Added Pin To Net: NetName=+12 Pin=Arduino Mega-59
Added Net: Name=+12
Added Pin To Net: NetName=NetJ1_1 Pin=J1-1
Added Pin To Net: NetName=NetJ1_1 Pin=P1-1
Added Net: Name=NetJ1_1
Added Pin To Net: NetName=NetJ1_2 Pin=J1-2
Added Pin To Net: NetName=NetJ1_2 Pin=P1-2
Added Net: Name=NetJ1_2
Added Pin To Net: NetName=NetJ1_3 Pin=J1-3
Added Pin To Net: NetName=NetJ1_3 Pin=P1-3
Added Net: Name=NetJ1_3
Added Pin To Net: NetName=NetJ2_1 Pin=J2-1
Added Pin To Net: NetName=NetJ2_1 Pin=P2-1
Added Net: Name=NetJ2_1
Added Pin To Net: NetName=NetJ2_2 Pin=J2-2
Added Pin To Net: NetName=NetJ2_2 Pin=P2-2
Added Net: Name=NetJ2_2
Added Pin To Net: NetName=NetJ2_3 Pin=J2-3
Added Pin To Net: NetName=NetJ2_3 Pin=P2-3
Added Net: Name=NetJ2_3
Added Pin To Net: NetName=NetJ3_1 Pin=J3-1
Added Pin To Net: NetName=NetJ3_1 Pin=P3-1
Added Net: Name=NetJ3_1
Added Pin To Net: NetName=NetJ3_2 Pin=J3-2
Added Pin To Net: NetName=NetJ3_2 Pin=P3-2
Added Net: Name=NetJ3_2
Added Pin To Net: NetName=NetJ3_3 Pin=J3-3
Added Pin To Net: NetName=NetJ3_3 Pin=P3-3
Added Net: Name=NetJ3_3
Added Pin To Net: NetName=NetJ4_1 Pin=J4-1
Added Pin To Net: NetName=NetJ4_1 Pin=P4-1
Added Net: Name=NetJ4_1
Added Pin To Net: NetName=NetJ4_2 Pin=J4-2
Added Pin To Net: NetName=NetJ4_2 Pin=P4-2
Added Net: Name=NetJ4_2
Added Pin To Net: NetName=NetJ4_3 Pin=J4-3
Added Pin To Net: NetName=NetJ4_3 Pin=P4-3
Added Net: Name=NetJ4_3
Added Pin To Net: NetName=NetJ5_1 Pin=J5-1
Added Pin To Net: NetName=NetJ5_1 Pin=P5-1
Added Net: Name=NetJ5_1
Added Pin To Net: NetName=NetJ5_2 Pin=J5-2
Added Pin To Net: NetName=NetJ5_2 Pin=P5-2
Added Net: Name=NetJ5_2
Added Pin To Net: NetName=NetJ5_3 Pin=J5-3
Added Pin To Net: NetName=NetJ5_3 Pin=P5-3
Added Net: Name=NetJ5_3
Added Pin To Net: NetName=NetJ6_1 Pin=J6-1
Added Pin To Net: NetName=NetJ6_1 Pin=P6-1
Added Net: Name=NetJ6_1
Added Pin To Net: NetName=NetJ6_2 Pin=J6-2
Added Pin To Net: NetName=NetJ6_2 Pin=P6-2
Added Net: Name=NetJ6_2
Added Pin To Net: NetName=NetJ6_3 Pin=J6-3
Added Pin To Net: NetName=NetJ6_3 Pin=P6-3
Added Net: Name=NetJ6_3
Added Pin To Net: NetName=NetJ7_1 Pin=J7-1
Added Pin To Net: NetName=NetJ7_1 Pin=P7-1
Added Net: Name=NetJ7_1
Added Pin To Net: NetName=NetJ7_2 Pin=J7-2
Added Pin To Net: NetName=NetJ7_2 Pin=P7-2
Added Net: Name=NetJ7_2
Added Pin To Net: NetName=NetJ7_3 Pin=J7-3
Added Pin To Net: NetName=NetJ7_3 Pin=P7-3
Added Net: Name=NetJ7_3
Added Pin To Net: NetName=NetJ8_1 Pin=J8-1
Added Pin To Net: NetName=NetJ8_1 Pin=P8-1
Added Net: Name=NetJ8_1
Added Pin To Net: NetName=NetJ8_2 Pin=J8-2
Added Pin To Net: NetName=NetJ8_2 Pin=P8-2
Added Net: Name=NetJ8_2
Added Pin To Net: NetName=NetJ8_3 Pin=J8-3
Added Pin To Net: NetName=NetJ8_3 Pin=P8-3
Added Net: Name=NetJ8_3
Added Pin To Net: NetName=NetJ9_1 Pin=J9-1
Added Pin To Net: NetName=NetJ9_1 Pin=P9-1
Added Net: Name=NetJ9_1
Added Pin To Net: NetName=NetJ9_2 Pin=J9-2
Added Pin To Net: NetName=NetJ9_2 Pin=P9-2
Added Net: Name=NetJ9_2
Added Pin To Net: NetName=NetJ9_3 Pin=J9-3
Added Pin To Net: NetName=NetJ9_3 Pin=P9-3
Added Net: Name=NetJ9_3
Added Pin To Net: NetName=NetJ10_1 Pin=J10-1
Added Pin To Net: NetName=NetJ10_1 Pin=P10-1
Added Net: Name=NetJ10_1
Added Pin To Net: NetName=NetJ10_2 Pin=J10-2
Added Pin To Net: NetName=NetJ10_2 Pin=P10-2
Added Net: Name=NetJ10_2
Added Pin To Net: NetName=NetJ10_3 Pin=J10-3
Added Pin To Net: NetName=NetJ10_3 Pin=P10-3
Added Net: Name=NetJ10_3
Added Pin To Net: NetName=NetJ11_1 Pin=J11-1
Added Pin To Net: NetName=NetJ11_1 Pin=P11-1
Added Net: Name=NetJ11_1
Added Pin To Net: NetName=NetJ11_2 Pin=J11-2
Added Pin To Net: NetName=NetJ11_2 Pin=P11-2
Added Net: Name=NetJ11_2
Added Pin To Net: NetName=NetJ11_3 Pin=J11-3
Added Pin To Net: NetName=NetJ11_3 Pin=P11-3
Added Net: Name=NetJ11_3
Added Pin To Net: NetName=NetJ12_1 Pin=J12-1
Added Pin To Net: NetName=NetJ12_1 Pin=P12-1
Added Net: Name=NetJ12_1
Added Pin To Net: NetName=NetJ12_2 Pin=J12-2
Added Pin To Net: NetName=NetJ12_2 Pin=P12-2
Added Net: Name=NetJ12_2
Added Pin To Net: NetName=NetJ12_3 Pin=J12-3
Added Pin To Net: NetName=NetJ12_3 Pin=P12-3
Added Net: Name=NetJ12_3
Added Pin To Net: NetName=NetJ13_1 Pin=J13-1
Added Pin To Net: NetName=NetJ13_1 Pin=P13-1
Added Net: Name=NetJ13_1
Added Pin To Net: NetName=NetJ13_2 Pin=J13-2
Added Pin To Net: NetName=NetJ13_2 Pin=P13-2
Added Net: Name=NetJ13_2
Added Pin To Net: NetName=NetJ13_3 Pin=J13-3
Added Pin To Net: NetName=NetJ13_3 Pin=P13-3
Added Net: Name=NetJ13_3
Added Pin To Net: NetName=NetJ14_1 Pin=J14-1
Added Pin To Net: NetName=NetJ14_1 Pin=P14-1
Added Net: Name=NetJ14_1
Added Pin To Net: NetName=NetJ14_2 Pin=J14-2
Added Pin To Net: NetName=NetJ14_2 Pin=P14-2
Added Net: Name=NetJ14_2
Added Pin To Net: NetName=NetJ14_3 Pin=J14-3
Added Pin To Net: NetName=NetJ14_3 Pin=P14-3
Added Net: Name=NetJ14_3
Added Pin To Net: NetName=NetJ15_1 Pin=J15-1
Added Pin To Net: NetName=NetJ15_1 Pin=P15-1
Added Net: Name=NetJ15_1
Added Pin To Net: NetName=NetJ15_2 Pin=J15-2
Added Pin To Net: NetName=NetJ15_2 Pin=P15-2
Added Net: Name=NetJ15_2
Added Pin To Net: NetName=NetJ15_3 Pin=J15-3
Added Pin To Net: NetName=NetJ15_3 Pin=P15-3
Added Net: Name=NetJ15_3
Added Pin To Net: NetName=NetJ16_1 Pin=J16-1
Added Pin To Net: NetName=NetJ16_1 Pin=P16-1
Added Net: Name=NetJ16_1
Added Pin To Net: NetName=NetJ16_2 Pin=J16-2
Added Pin To Net: NetName=NetJ16_2 Pin=P16-2
Added Net: Name=NetJ16_2
Added Pin To Net: NetName=NetJ16_3 Pin=J16-3
Added Pin To Net: NetName=NetJ16_3 Pin=P16-3
Added Net: Name=NetJ16_3
Added Member To Class: ClassName=U_PWM_BoardSchem Member=Component J1 B4P-VH-FB-B_LF__SN_
Added Member To Class: ClassName=U_PWM_BoardSchem Member=Component J2 B4P-VH-FB-B_LF__SN_
Added Member To Class: ClassName=U_PWM_BoardSchem Member=Component J3 B4P-VH-FB-B_LF__SN_
Added Member To Class: ClassName=U_PWM_BoardSchem Member=Component J4 B4P-VH-FB-B_LF__SN_
Added Member To Class: ClassName=U_PWM_BoardSchem Member=Component J5 B4P-VH-FB-B_LF__SN_
Added Member To Class: ClassName=U_PWM_BoardSchem Member=Component J6 B4P-VH-FB-B_LF__SN_
Added Member To Class: ClassName=U_PWM_BoardSchem Member=Component J7 B4P-VH-FB-B_LF__SN_
Added Member To Class: ClassName=U_PWM_BoardSchem Member=Component J8 B4P-VH-FB-B_LF__SN_
Added Member To Class: ClassName=U_PWM_BoardSchem Member=Component J9 B4P-VH-FB-B_LF__SN_
Added Member To Class: ClassName=U_PWM_BoardSchem Member=Component J10 B4P-VH-FB-B_LF__SN_
Added Member To Class: ClassName=U_PWM_BoardSchem Member=Component J11 B4P-VH-FB-B_LF__SN_
Added Member To Class: ClassName=U_PWM_BoardSchem Member=Component J12 B4P-VH-FB-B_LF__SN_
Added Member To Class: ClassName=U_PWM_BoardSchem Member=Component J13 B4P-VH-FB-B_LF__SN_
Added Member To Class: ClassName=U_PWM_BoardSchem Member=Component J14 B4P-VH-FB-B_LF__SN_
Added Member To Class: ClassName=U_PWM_BoardSchem Member=Component J15 B4P-VH-FB-B_LF__SN_
Added Member To Class: ClassName=U_PWM_BoardSchem Member=Component J16 B4P-VH-FB-B_LF__SN_
Added Member To Class: ClassName=U_PWM_BoardSchem Member=Component P1 Header 3
Added Member To Class: ClassName=U_PWM_BoardSchem Member=Component P2 Header 3
Added Member To Class: ClassName=U_PWM_BoardSchem Member=Component P3 Header 3
Added Member To Class: ClassName=U_PWM_BoardSchem Member=Component P4 Header 3
Added Member To Class: ClassName=U_PWM_BoardSchem Member=Component P5 Header 3
Added Member To Class: ClassName=U_PWM_BoardSchem Member=Component P6 Header 3
Added Member To Class: ClassName=U_PWM_BoardSchem Member=Component P7 Header 3
Added Member To Class: ClassName=U_PWM_BoardSchem Member=Component P8 Header 3
Added Member To Class: ClassName=U_PWM_BoardSchem Member=Component P9 Header 3
Added Member To Class: ClassName=U_PWM_BoardSchem Member=Component P10 Header 3
Added Member To Class: ClassName=U_PWM_BoardSchem Member=Component P11 Header 3
Added Member To Class: ClassName=U_PWM_BoardSchem Member=Component P12 Header 3
Added Member To Class: ClassName=U_PWM_BoardSchem Member=Component P13 Header 3
Added Member To Class: ClassName=U_PWM_BoardSchem Member=Component P14 Header 3
Added Member To Class: ClassName=U_PWM_BoardSchem Member=Component P15 Header 3
Added Member To Class: ClassName=U_PWM_BoardSchem Member=Component P16 Header 3
